<?xml version="1.0" encoding="UTF-8"?>
<!-- Generated by org.testng.reporters.JUnitReportReporter -->
<testsuite hostname="L10ASO-PF0WLE4Y" name="GlobalGrantScenario.Grants.grantsLoginPageTest" tests="1" failures="0" timestamp="20 Feb 2020 12:09:34 GMT" time="8.158" errors="0">
  <testcase name="loignintGrant" time="8.158" classname="GlobalGrantScenario.Grants.grantsLoginPageTest"/>
</testsuite> <!-- GlobalGrantScenario.Grants.grantsLoginPageTest -->
