<?xml version="1.0" encoding="UTF-8"?>
<!-- Generated by org.testng.reporters.JUnitReportReporter -->
<testsuite hostname="L10ASO-PF0WLE4Y" name="GlobalGrantScenario.Grants.grantsLoginPageTest" tests="1" failures="0" timestamp="10 Aug 2020 08:40:46 GMT" time="7.907" errors="0">
  <testcase name="loignintGrant" time="7.907" classname="GlobalGrantScenario.Grants.grantsLoginPageTest"/>
</testsuite> <!-- GlobalGrantScenario.Grants.grantsLoginPageTest -->
