<?xml version="1.0" encoding="UTF-8"?>
<!-- Generated by org.testng.reporters.JUnitReportReporter -->
<testsuite hostname="L10ASO-PF0WLE4Y" name="GlobalGrantScenario.Grants.GrantsHomePagetest" tests="1" failures="0" timestamp="10 Aug 2020 08:40:46 GMT" time="11.088" errors="0">
  <testcase name="navigatetoNewGrantpage" time="11.088" classname="GlobalGrantScenario.Grants.GrantsHomePagetest"/>
</testsuite> <!-- GlobalGrantScenario.Grants.GrantsHomePagetest -->
