<?xml version="1.0" encoding="UTF-8"?>
<!-- Generated by org.testng.reporters.JUnitReportReporter -->
<testsuite hostname="L10ASO-PF0WLE4Y" name="GlobalGrantScenario.Grants.Step1Basicinfo" tests="1" failures="0" timestamp="10 Aug 2020 08:40:46 GMT" time="2.475" errors="0">
  <testcase name="complete_Step1" time="2.475" classname="GlobalGrantScenario.Grants.Step1Basicinfo"/>
</testsuite> <!-- GlobalGrantScenario.Grants.Step1Basicinfo -->
