<?xml version="1.0" encoding="UTF-8"?>
<!-- Generated by org.testng.reporters.JUnitReportReporter -->
<testsuite hostname="L10ASO-PF0WLE4Y" name="GlobalGrantScenario.Grants.OpenGrantPage" tests="1" failures="0" timestamp="15 Mar 2020 18:23:24 GMT" time="28.383" errors="0">
  <testcase name="openurl" time="28.383" classname="GlobalGrantScenario.Grants.OpenGrantPage"/>
</testsuite> <!-- GlobalGrantScenario.Grants.OpenGrantPage -->
