<?xml version="1.0" encoding="UTF-8"?>
<!-- Generated by org.testng.reporters.JUnitReportReporter -->
<testsuite hostname="L10ASO-PF0WLE4Y" name="GlobalGrantScenario.Grants.ApplayForGrantTest" tests="2" failures="0" timestamp="10 Aug 2020 08:40:46 GMT" time="8.136" errors="0">
  <testcase name="checkpagetitle" time="1.176" classname="GlobalGrantScenario.Grants.ApplayForGrantTest"/>
  <testcase name="startglobalgrant" time="6.960" classname="GlobalGrantScenario.Grants.ApplayForGrantTest"/>
</testsuite> <!-- GlobalGrantScenario.Grants.ApplayForGrantTest -->
