<?xml version="1.0" encoding="UTF-8"?>
<!-- Generated by org.testng.reporters.JUnitReportReporter -->
<testsuite hostname="L10ASO-PF0WLE4Y" name="GlobalGrantScenario.Grants.OpenGrantPage" tests="1" failures="0" timestamp="10 Aug 2020 08:40:46 GMT" time="7.984" errors="0">
  <testcase name="openurl" time="7.984" classname="GlobalGrantScenario.Grants.OpenGrantPage"/>
</testsuite> <!-- GlobalGrantScenario.Grants.OpenGrantPage -->
