<?xml version="1.0" encoding="UTF-8"?>
<!-- Generated by org.testng.reporters.JUnitReportReporter -->
<testsuite hostname="L10ASO-PF0WLE4Y" name="GlobalGrantScenario.Grants.HomePageTest" tests="1" failures="0" timestamp="11 Feb 2020 12:38:15 GMT" time="8.479" errors="0">
  <testcase name="navigatetopracticepage" time="8.479" classname="GlobalGrantScenario.Grants.HomePageTest"/>
</testsuite> <!-- GlobalGrantScenario.Grants.HomePageTest -->
