<?xml version="1.0" encoding="UTF-8"?>
<!-- Generated by org.testng.reporters.JUnitReportReporter -->
<testsuite hostname="L10ASO-PF0WLE4Y" name="GlobalGrantScenario.Grants.GrantsHomePagetest" tests="1" failures="0" timestamp="20 Feb 2020 12:09:34 GMT" time="7.360" errors="0">
  <testcase name="navigatetoNewGrantpage" time="7.360" classname="GlobalGrantScenario.Grants.GrantsHomePagetest"/>
</testsuite> <!-- GlobalGrantScenario.Grants.GrantsHomePagetest -->
