<?xml version="1.0" encoding="UTF-8"?>
<!-- Generated by org.testng.reporters.JUnitReportReporter -->
<testsuite hostname="L10ASO-PF0WLE4Y" name="GlobalGrantScenario.Grants.grantsLoginPageTest" tests="1" failures="0" timestamp="15 Mar 2020 18:23:24 GMT" time="2.596" errors="0">
  <testcase name="loignintGrant" time="2.596" classname="GlobalGrantScenario.Grants.grantsLoginPageTest"/>
</testsuite> <!-- GlobalGrantScenario.Grants.grantsLoginPageTest -->
