<?xml version="1.0" encoding="UTF-8"?>
<!-- Generated by org.testng.reporters.JUnitReportReporter -->
<testsuite hostname="L10ASO-PF0WLE4Y" name="GlobalGrantScenario.Grants.CricbuzzHomePage" tests="1" failures="0" timestamp="2 Feb 2020 08:35:02 GMT" time="4.974" errors="0">
  <testcase name="navigatetocricbuzz" time="4.974" classname="GlobalGrantScenario.Grants.CricbuzzHomePage"/>
</testsuite> <!-- GlobalGrantScenario.Grants.CricbuzzHomePage -->
