<?xml version="1.0" encoding="UTF-8"?>
<!-- Generated by org.testng.reporters.JUnitReportReporter -->
<testsuite hostname="L10ASO-PF0WLE4Y" name="GlobalGrantScenario.Grants.ApplayForGrantTest" tests="2" failures="0" timestamp="20 Feb 2020 12:49:35 GMT" time="15.525" errors="0">
  <testcase name="startglobalgrant" time="11.247" classname="GlobalGrantScenario.Grants.ApplayForGrantTest"/>
  <testcase name="checkpagetitle" time="4.278" classname="GlobalGrantScenario.Grants.ApplayForGrantTest"/>
</testsuite> <!-- GlobalGrantScenario.Grants.ApplayForGrantTest -->
