<?xml version="1.0" encoding="UTF-8"?>
<!-- Generated by org.testng.reporters.JUnitReportReporter -->
<testsuite hostname="L10ASO-PF0WLE4Y" name="GlobalGrantScenario.Grants.OpenGrantPage" tests="1" failures="0" timestamp="20 Feb 2020 12:49:35 GMT" time="10.878" errors="0">
  <testcase name="openurl" time="10.878" classname="GlobalGrantScenario.Grants.OpenGrantPage"/>
</testsuite> <!-- GlobalGrantScenario.Grants.OpenGrantPage -->
