<?xml version="1.0" encoding="UTF-8"?>
<!-- Generated by org.testng.reporters.JUnitReportReporter -->
<testsuite hostname="L10ASO-PF0WLE4Y" name="GlobalGrantScenario.Grants.HomePageTest" tests="1" failures="0" timestamp="5 Mar 2020 07:51:59 GMT" time="6.204" errors="0">
  <testcase name="navigatetopracticepage" time="6.204" classname="GlobalGrantScenario.Grants.HomePageTest"/>
</testsuite> <!-- GlobalGrantScenario.Grants.HomePageTest -->
