<?xml version="1.0" encoding="UTF-8"?>
<!-- Generated by org.testng.reporters.JUnitReportReporter -->
<testsuite hostname="L10ASO-PF0WLE4Y" name="GlobalGrantScenario.Grants.HomePageTest" tests="1" failures="0" timestamp="7 Feb 2020 12:54:39 GMT" time="17.671" errors="0">
  <testcase name="navigatetopracticepage" time="17.671" classname="GlobalGrantScenario.Grants.HomePageTest"/>
</testsuite> <!-- GlobalGrantScenario.Grants.HomePageTest -->
