<?xml version="1.0" encoding="UTF-8"?>
<!-- Generated by org.testng.reporters.JUnitReportReporter -->
<testsuite hostname="L10ASO-PF0WLE4Y" name="GlobalGrantScenario.Grants.practicepagetest" tests="1" failures="0" timestamp="5 Mar 2020 07:51:59 GMT" time="0.533" errors="0">
  <testcase name="courceordsort" time="0.533" classname="GlobalGrantScenario.Grants.practicepagetest"/>
</testsuite> <!-- GlobalGrantScenario.Grants.practicepagetest -->
