<?xml version="1.0" encoding="UTF-8"?>
<!-- Generated by org.testng.reporters.JUnitReportReporter -->
<testsuite hostname="L10ASO-PF0WLE4Y" name="GlobalGrantScenario.Grants.ApplayForGrantTest" tests="2" failures="0" timestamp="5 Mar 2020 10:48:09 GMT" time="12.640" errors="0">
  <testcase name="checkpagetitle" time="3.736" classname="GlobalGrantScenario.Grants.ApplayForGrantTest"/>
  <testcase name="startglobalgrant" time="8.904" classname="GlobalGrantScenario.Grants.ApplayForGrantTest"/>
</testsuite> <!-- GlobalGrantScenario.Grants.ApplayForGrantTest -->
