<?xml version="1.0" encoding="UTF-8"?>
<!-- Generated by org.testng.reporters.JUnitReportReporter -->
<testsuite hostname="L10ASO-PF0WLE4Y" name="GlobalGrantScenario.Grants.grantsLoginPageTest" tests="1" failures="0" timestamp="5 Mar 2020 10:48:09 GMT" time="9.009" errors="0">
  <testcase name="loignintGrant" time="9.009" classname="GlobalGrantScenario.Grants.grantsLoginPageTest"/>
</testsuite> <!-- GlobalGrantScenario.Grants.grantsLoginPageTest -->
